<?xml version="1.0" encoding="UTF-8"?>
<!-- Generated by org.testng.reporters.JUnitReportReporter -->
<testsuite hostname="DESKTOP-U80E17V" failures="0" tests="5" name="com.tutorialsninja.qa.TestCases.RegisterTest" time="28.174" errors="0" timestamp="13 Jan 2024 01:26:22 GMT" skipped="0">
  <testcase classname="com.tutorialsninja.qa.TestCases.RegisterTest" name="verifyingRegisterWithMandatoryFields" time="5.889"/>
  <testcase classname="com.tutorialsninja.qa.TestCases.RegisterTest" name="verifyingRegisterWithAllFields" time="6.128"/>
  <testcase classname="com.tutorialsninja.qa.TestCases.RegisterTest" name="verifyingRegisterWithExistingEmail" time="5.428"/>
  <testcase classname="com.tutorialsninja.qa.TestCases.RegisterTest" name="verifyingRegisterWithMismatchPassword" time="4.897"/>
  <testcase classname="com.tutorialsninja.qa.TestCases.RegisterTest" name="verifyingRegisterWithNoFields" time="5.832"/>
</testsuite> <!-- com.tutorialsninja.qa.TestCases.RegisterTest -->
