<?xml version="1.0" encoding="UTF-8"?>
<!-- Generated by org.testng.reporters.JUnitReportReporter -->
<testsuite hostname="DESKTOP-U80E17V" failures="0" tests="12" name="com.tutorialsninja.qa.TestCases.LoginTest" time="63.632" errors="0" timestamp="13 Jan 2024 01:26:22 GMT" skipped="0">
  <testcase classname="com.tutorialsninja.qa.TestCases.LoginTest" name="verifyLoginWithValidCredentials" time="5.755"/>
  <testcase classname="com.tutorialsninja.qa.TestCases.LoginTest" name="verifyLoginWithValidCredentials" time="5.503"/>
  <testcase classname="com.tutorialsninja.qa.TestCases.LoginTest" name="verifyLoginWithValidCredentials" time="5.218"/>
  <testcase classname="com.tutorialsninja.qa.TestCases.LoginTest" name="verifyLoginWithValidCredentials" time="5.752"/>
  <testcase classname="com.tutorialsninja.qa.TestCases.LoginTest" name="verifyLoginWithValidCredentials" time="5.403"/>
  <testcase classname="com.tutorialsninja.qa.TestCases.LoginTest" name="verifyLoginWithValidCredentials" time="4.681"/>
  <testcase classname="com.tutorialsninja.qa.TestCases.LoginTest" name="verifyLoginWithValidCredentials" time="5.252"/>
  <testcase classname="com.tutorialsninja.qa.TestCases.LoginTest" name="verifyLoginWithValidCredentials" time="5.320"/>
  <testcase classname="com.tutorialsninja.qa.TestCases.LoginTest" name="VerifyLoginWithInvalidEmailValidPassword" time="5.289"/>
  <testcase classname="com.tutorialsninja.qa.TestCases.LoginTest" name="VerifyLoginWithValidEmailInvalidPassword" time="5.332"/>
  <testcase classname="com.tutorialsninja.qa.TestCases.LoginTest" name="VerifyLoginWithInvalidCredentials" time="5.044"/>
  <testcase classname="com.tutorialsninja.qa.TestCases.LoginTest" name="VerifyLoginWithNoCredentials" time="5.083"/>
</testsuite> <!-- com.tutorialsninja.qa.TestCases.LoginTest -->
