<?xml version="1.0" encoding="UTF-8"?>
<!-- Generated by org.testng.reporters.JUnitReportReporter -->
<testsuite hostname="DESKTOP-U80E17V" failures="0" tests="1" name="com.tutorialsninja.qa.TestCases.AddToCartTest" time="14.029" errors="0" timestamp="13 Jan 2024 01:26:22 GMT" skipped="0">
  <testcase classname="com.tutorialsninja.qa.TestCases.AddToCartTest" name="checkingOutValidProduct" time="14.029"/>
</testsuite> <!-- com.tutorialsninja.qa.TestCases.AddToCartTest -->
