<?xml version="1.0" encoding="UTF-8"?>
<!-- Generated by org.testng.reporters.JUnitReportReporter -->
<testsuite hostname="DESKTOP-U80E17V" failures="0" tests="1" name="com.tutorialsninja.qa.TestCases.AddToCartTest" time="15.082" errors="0" timestamp="2023-12-29T18:05:43 EST" skipped="0">
  <testcase classname="com.tutorialsninja.qa.TestCases.AddToCartTest" name="checkingOutValidProduct" time="15.082"/>
</testsuite> <!-- com.tutorialsninja.qa.TestCases.AddToCartTest -->
