<?xml version="1.0" encoding="UTF-8"?>
<!-- Generated by org.testng.reporters.JUnitReportReporter -->
<testsuite hostname="DESKTOP-U80E17V" failures="0" tests="5" name="com.tutorialsninja.qa.TestCases.RegisterTest" time="27.156" errors="0" timestamp="2023-12-29T18:05:43 EST" skipped="0">
  <testcase classname="com.tutorialsninja.qa.TestCases.RegisterTest" name="verifyingRegisterWithMandatoryFields" time="5.706"/>
  <testcase classname="com.tutorialsninja.qa.TestCases.RegisterTest" name="verifyingRegisterWithAllFields" time="5.683"/>
  <testcase classname="com.tutorialsninja.qa.TestCases.RegisterTest" name="verifyingRegisterWithExistingEmail" time="5.260"/>
  <testcase classname="com.tutorialsninja.qa.TestCases.RegisterTest" name="verifyingRegisterWithMismatchPassword" time="5.205"/>
  <testcase classname="com.tutorialsninja.qa.TestCases.RegisterTest" name="verifyingRegisterWithNoFields" time="5.302"/>
</testsuite> <!-- com.tutorialsninja.qa.TestCases.RegisterTest -->
